<?xml version="1.0" encoding="UTF-8"?>
<testsuite xmlns:xsi="http://www.w3.org/2001/XMLSchema-instance" xsi:noNamespaceSchemaLocation="https://maven.apache.org/surefire/maven-surefire-plugin/xsd/surefire-test-report-3.0.xsd" version="3.0" name="com.almosafer.testcases.GetTest" time="4.548" tests="2" errors="0" skipped="0" failures="0">
  <properties>
[...]
</properties>
  <testcase name="verification_GET_airline" classname="com.almosafer.testcases.GetTest" time="3.709">
    <system-out><![CDATA[Request method:	GET
Request URI:	https://www.almosafer.com/api/flight/resource/codes/AQJ%2CAMM%2CRJ
Proxy:			<none>
Request params:	<none>
Query params:	<none>
Form params:	<none>
Path params:	<none>
Headers:		Accept=*/*
				Content-Type=application/json
Cookies:		<none>
Multiparts:		<none>
Body:			<none>
HTTP/1.1 200 OK
Date: Fri, 24 Mar 2023 15:17:25 GMT
Content-Type: application/json
Content-Length: 322
Connection: keep-alive
X-Real-IP: 109.107.230.202
CF-Ray: 7acfe17ec8a1cdf3-AMM
Access-Control-Allow-Origin: www.almosafer.com
Cache-Control: must-revalidate, post-check=0, pre-check=0, private
Content-Encoding: gzip
Strict-Transport-Security: max-age=15552000; includeSubDomains; preload
Vary: Accept-Encoding, Accept-Encoding
CF-Cache-Status: DYNAMIC
Access-Control-Allow-Credentials: true
Access-Control-Allow-Headers: 
Access-Control-Allow-Methods: HEAD, GET, POST, OPTIONS, PUT, DELETE
Content-Security-Policy: upgrade-insecure-requests; base-uri 'self'; object-src 'self'; frame-ancestors https://almosafer.com https://*.almosafer.com https://z2.le.liveperson.net;
Pragma: no-cache
Referrer-Policy: no-referrer-when-downgrade
X-Adebug-host: flight-api-live-internal-endpoint.tajawal.com
X-Adebug-host: www.almosafer.com
X-Adebug-port: 80
X-Adebug-port: 80
X-Adebug-real-ip: 10.160.225.208
X-Adebug-real-ip: 10.160.238.205
X-Adebug-ruri: /flight/resource/codes/AQJ%2CAMM%2CRJ
X-Adebug-ruri: /api/flight/resource/codes/AQJ%2CAMM%2CRJ
X-Alimit-rpath: /flight/resource/codes/AQJ%2CAMM%2CRJ
X-Alimit-rpath: /api/flight/resource/codes/AQJ%2CAMM%2CRJ
X-ARuntime: 0.025
X-ARuntime: 0.053
X-AServed-By: 10.160.165.3
X-AServed-By: 10.160.76.124
X-Aus: 127.0.0.1:9002
X-Aus: 127.0.0.1:9002
X-Content-Type-Options: nosniff
x-encoded-content-encoding: gzip
x-encoded-content-length: 312
X-GeoIP-City: Irbid
X-GeoIP-Country: Jordan
X-GeoIP-Country-Code: JO
X-GeoIP-Region: Irbid
X-is-bot-api: 0
X-is-bot-api: 0
x-real-client-ip: 109.107.230.202
X-XSS-Protection: 1; mode=block
Set-Cookie: __cf_bm=GOKHH_OwgP7mZRG2MifyfZvm9_z2lIHbKJ8U6OeKFC4-1679671045-0-AbuGd+fAi/qdibB5JBKVS44xDHR3k6JKIyCFQI7vZIh/p8HClxV5y0G8lX2WdLYGAGW1kr+T8gz6Y7hWA2nMmNE=; path=/; expires=Fri, 24-Mar-23 15:47:25 GMT; domain=.almosafer.com; HttpOnly; Secure; SameSite=None
Server: cloudflare
alt-svc: h3=":443"; ma=86400, h3-29=":443"; ma=86400

{
    "airline": [
        {
            "code": "RJ",
            "label": {
                "en": "Royal Jordanian",
                "ar": "الخطوط الجوية الملكية الأردنية"
            }
        }
    ],
    "airport": [
        {
            "code": "AQJ",
            "tz": "Asia/Amman",
            "timeZone": "2.00",
            "type": "4",
            "label": {
                "en": "King Hussein International Airport",
                "ar": "مطار العقبة"
            },
            "country": {
                "label": {
                    "en": "Jordan",
                    "ar": "الأردن"
                },
                "code": "JO"
            },
            "city": {
                "en": "Aqaba",
                "ar": "العقبة"
            }
        },
        {
            "code": "AMM",
            "tz": "Asia/Amman",
            "timeZone": "2.00",
            "type": "2",
            "label": {
                "en": "Queen Alia International Airport",
                "ar": "مطار الملكة علياء الدولي"
            },
            "country": {
                "label": {
                    "en": "Jordan",
                    "ar": "الأردن"
                },
                "code": "JO"
            },
            "city": {
                "en": "Amman",
                "ar": "عمان"
            }
        }
    ]
}
]]></system-out>
    <system-err><![CDATA[SLF4J: Failed to load class "org.slf4j.impl.StaticLoggerBinder".
SLF4J: Defaulting to no-operation (NOP) logger implementation
SLF4J: See http://www.slf4j.org/codes.html#StaticLoggerBinder for further details.
]]></system-err>
  </testcase>
  <testcase name="verification_GET_airport" classname="com.almosafer.testcases.GetTest" time="0.798">
    <system-out><![CDATA[Request method:	GET
Request URI:	https://www.almosafer.com/api/flight/resource/codes/AQJ%2CAMM%2CRJ
Proxy:			<none>
Request params:	<none>
Query params:	<none>
Form params:	<none>
Path params:	<none>
Headers:		Accept=*/*
				Content-Type=application/json
Cookies:		<none>
Multiparts:		<none>
Body:			<none>
HTTP/1.1 200 OK
Date: Fri, 24 Mar 2023 15:17:26 GMT
Content-Type: application/json
Content-Length: 322
Connection: keep-alive
X-Real-IP: 109.107.230.202
CF-Ray: 7acfe18aa801ce0b-AMM
Access-Control-Allow-Origin: www.almosafer.com
Cache-Control: must-revalidate, post-check=0, pre-check=0, private
Content-Encoding: gzip
Strict-Transport-Security: max-age=15552000; includeSubDomains; preload
Vary: Accept-Encoding, Accept-Encoding
CF-Cache-Status: DYNAMIC
Access-Control-Allow-Credentials: true
Access-Control-Allow-Headers: 
Access-Control-Allow-Methods: HEAD, GET, POST, OPTIONS, PUT, DELETE
Content-Security-Policy: upgrade-insecure-requests; base-uri 'self'; object-src 'self'; frame-ancestors https://almosafer.com https://*.almosafer.com https://z2.le.liveperson.net;
Pragma: no-cache
Referrer-Policy: no-referrer-when-downgrade
X-Adebug-host: flight-api-live-internal-endpoint.tajawal.com
X-Adebug-host: www.almosafer.com
X-Adebug-port: 80
X-Adebug-port: 80
X-Adebug-real-ip: 10.160.203.15
X-Adebug-real-ip: 10.160.195.92
X-Adebug-ruri: /flight/resource/codes/AQJ%2CAMM%2CRJ
X-Adebug-ruri: /api/flight/resource/codes/AQJ%2CAMM%2CRJ
X-Alimit-rpath: /flight/resource/codes/AQJ%2CAMM%2CRJ
X-Alimit-rpath: /api/flight/resource/codes/AQJ%2CAMM%2CRJ
X-ARuntime: 0.024
X-ARuntime: 0.053
X-AServed-By: 10.160.165.3
X-AServed-By: 10.160.193.119
X-Aus: 127.0.0.1:9002
X-Aus: 127.0.0.1:9002
X-Content-Type-Options: nosniff
x-encoded-content-encoding: gzip
x-encoded-content-length: 312
X-GeoIP-City: Irbid
X-GeoIP-Country: Jordan
X-GeoIP-Country-Code: JO
X-GeoIP-Region: Irbid
X-is-bot-api: 0
X-is-bot-api: 0
x-real-client-ip: 109.107.230.202
X-XSS-Protection: 1; mode=block
Set-Cookie: __cf_bm=4Z37WHy2kRSf.wi0IYIdNxuz_52JwzRqIvTQ3Sa24Yw-1679671046-0-AUECkN33qOQ6S0w5Gqy3ngPWkiviD7YhdMempmm9VNXM73MU68/6uGBs0PIOfL7XbURmmLp+RSCE5nwr9t9u628=; path=/; expires=Fri, 24-Mar-23 15:47:26 GMT; domain=.almosafer.com; HttpOnly; Secure; SameSite=None
Server: cloudflare
alt-svc: h3=":443"; ma=86400, h3-29=":443"; ma=86400

{
    "airline": [
        {
            "code": "RJ",
            "label": {
                "en": "Royal Jordanian",
                "ar": "الخطوط الجوية الملكية الأردنية"
            }
        }
    ],
    "airport": [
        {
            "code": "AQJ",
            "tz": "Asia/Amman",
            "timeZone": "2.00",
            "type": "4",
            "label": {
                "en": "King Hussein International Airport",
                "ar": "مطار العقبة"
            },
            "country": {
                "label": {
                    "en": "Jordan",
                    "ar": "الأردن"
                },
                "code": "JO"
            },
            "city": {
                "en": "Aqaba",
                "ar": "العقبة"
            }
        },
        {
            "code": "AMM",
            "tz": "Asia/Amman",
            "timeZone": "2.00",
            "type": "2",
            "label": {
                "en": "Queen Alia International Airport",
                "ar": "مطار الملكة علياء الدولي"
            },
            "country": {
                "label": {
                    "en": "Jordan",
                    "ar": "الأردن"
                },
                "code": "JO"
            },
            "city": {
                "en": "Amman",
                "ar": "عمان"
            }
        }
    ]
}
]]></system-out>
  </testcase>
</testsuite>