<?xml version="1.0" encoding="UTF-8"?>
<testsuite xmlns:xsi="http://www.w3.org/2001/XMLSchema-instance" xsi:noNamespaceSchemaLocation="https://maven.apache.org/surefire/maven-surefire-plugin/xsd/surefire-test-report-3.0.xsd" version="3.0" name="com.almosafer.testcases.PostTest" time="2.206" tests="2" errors="0" skipped="0" failures="0">
  <properties>
[...]
</properties>
  <testcase name="verification_reviews" classname="com.almosafer.testcases.PostTest" time="1.408">
    <system-out><![CDATA[Request method:	POST
Request URI:	https://www.almosafer.com/api/review/retrieve
Proxy:			<none>
Request params:	<none>
Query params:	<none>
Form params:	<none>
Path params:	<none>
Headers:		x-api-key=apikey-hotel
				Accept=*/*
				Content-Type=application/json
Cookies:		<none>
Multiparts:		<none>
Body:
{
    "productId": "1492981",
    "sortBy": "Newest"
}
HTTP/1.1 200 OK
Date: Fri, 24 Mar 2023 15:17:28 GMT
Content-Type: application/json
Transfer-Encoding: chunked
Connection: keep-alive
X-Real-IP: 109.107.230.202
CF-Ray: 7acfe191cc2ecde7-AMM
Strict-Transport-Security: max-age=15552000; includeSubDomains; preload
CF-Cache-Status: DYNAMIC
Content-Security-Policy: upgrade-insecure-requests; base-uri 'self'; object-src 'self'; frame-ancestors https://almosafer.com https://*.almosafer.com https://z2.le.liveperson.net;
Referrer-Policy: no-referrer-when-downgrade
X-Content-Type-Options: nosniff
X-GeoIP-City: Irbid
X-GeoIP-Country: Jordan
X-GeoIP-Country-Code: JO
X-GeoIP-Region: Irbid
x-real-client-ip: 109.107.230.202
X-XSS-Protection: 1; mode=block
Set-Cookie: __cf_bm=YBLg11r9VrbPudl.xae_XOo675duaWd8m7wbnkpIdRk-1679671048-0-AdQ2vv8fG60TNTbIfmcM0an8MwI1SKfe/oxk1UF6hZumBwjtsTQI8uEgNfkB51xWkUAdVOPKVTRHV5fvWFGW0uc=; path=/; expires=Fri, 24-Mar-23 15:47:28 GMT; domain=.almosafer.com; HttpOnly; Secure; SameSite=None
Vary: Accept-Encoding
Server: cloudflare
Content-Encoding: gzip
alt-svc: h3=":443"; ma=86400, h3-29=":443"; ma=86400

{
    "productId": "1492981",
    "paging": {
        "totalResults": 67,
        "totalPages": 7,
        "pageSize": 10,
        "currentPageNumber": 0,
        "nextPageUrl": "pageNo=1&pageSize=10&filters=&sortBy=Newest&imageOnly&totalResults=67&totalPages=7"
    },
    "aggregate": {
        "averageRating": 7.6,
        "summary": {
            "en": "Very good",
            "ar": "جيد جدا"
        },
        "reviewCount": 67,
        "subCategories": {
            "amenities": 7.5,
            "rooms": 7.7,
            "service": 7.3,
            "valueForMoney": 7.3,
            "location": 7.8,
            "cleanliness": 7.7
        }
    },
    "config": {
        "flagTypes": {
            "profane": {
                "en": "Profanity",
                "ar": "لغة نابية"
            },
            "wrong_product": {
                "en": "Wrong property or hotel",
                "ar": "ملكية أو فندق خاطئ"
            },
            "spam": {
                "en": "Spam",
                "ar": "بريد مؤذي"
            },
            "duplicate": {
                "en": "Duplicate",
                "ar": "مكرر"
            },
            "copyright": {
                "en": "Copyright",
                "ar": "حقوق التأليف"
            },
            "other": {
                "en": "Other",
                "ar": "أخرى"
            }
        }
    },
    "reviews": [
        {
            "id": "64196b37f6a46c2587c46c7f",
            "detail": {
                "likable": "موقع الفندق ، الهدوء ، الاستقبال\n",
                "unlikable": "المواقف ضيقة نوعاً ما ، الموكيت يحتاج الى تنظيف عميق",
                "headline": "جيدة بشكل عام ",
                "translatedLikable": "Hotel location, quiet, reception\n",
                "translatedUnlikable": "The parking spaces are a bit narrow, and the carpeting needs a deep cleaning",
                "translatedHeadline": "Overall good",
                "name": "Abdullah",
                "sourceLocale": "ar",
                "translationLocale": "en",
                "createdDate": "2023-03-21T08:30:47.035",
                "updatedDate": "2023-03-21T11:41:53.052",
                "travelType": "أزواج",
                "travelPurpose": "عمل",
                "checkout": "2023-03-21",
                "checkoutPhrase": "3 days ago"
            },
            "metric": {
                "helpfulVotes": 0,
                "notHelpfulVotes": 0,
                "rating": 8.0,
                "summary": {
                    "en": "Very good",
                    "ar": "جيد جدا"
                }
            }
        },
        {
            "id": "64103d84f8a992380430b1ec",
            "detail": {
                "likable": "The space of the room",
                "unlikable": "The parking area",
                "headline": "Good experience ",
                "translatedLikable": "مساحة الغرفة",
                "translatedUnlikable": "منطقة وقوف السيارات",
                "translatedHeadline": "تجربة جيدة",
                "name": "Roaa",
                "sourceLocale": "en",
                "translationLocale": "ar",
                "createdDate": "2023-03-14T09:25:24.577",
                "updatedDate": "2023-03-14T10:38:12.028",
                "travelType": "Friends",
                "travelPurpose": "Leisure",
                "nationality": "Saudi Arabia",
                "checkout": "2023-03-07",
                "checkoutPhrase": "2 weeks ago"
            },
            "metric": {
                "helpfulVotes": 0,
                "notHelpfulVotes": 0,
                "rating": 10.0,
                "summary": {
                    "en": "Superb",
                    "ar": "رائع"
                }
            }
        },
        {
            "id": "64100f64f6a46c2587c46b1d",
            "detail": {
                "likable": "موقعه",
                "unlikable": "وسادة النوم سيئة جدا جدا جدا كما ان الجاهزية عند الاستلام سيء",
                "headline": "جيدة",
                "translatedLikable": "Its location",
                "translatedUnlikable": "The sleeping pillow is very, very, very bad, and the readiness upon checking in is poor",
                "translatedHeadline": "good",
                "name": "Basem",
                "sourceLocale": "ar",
                "translationLocale": "en",
                "createdDate": "2023-03-14T06:08:36.239",
                "updatedDate": "2023-03-14T07:57:14.621",
                "travelType": "العائلة",
                "travelPurpose": "ترفيهية",
                "nationality": "المملكة العربية السعودية",
                "checkout": "2023-03-10",
                "checkoutPhrase": "2 weeks ago"
            },
            "metric": {
                "helpfulVotes": 0,
                "notHelpfulVotes": 0,
                "rating": 6.0,
                "summary": {
                    "en": "Average",
                    "ar": "متوسط"
                }
            }
        },
        {
            "id": "63f1d0d33039530e26001e70",
            "detail": {
                "likable": "موقعه",
                "unlikable": "نظافته",
                "headline": "ممتاز",
                "translatedLikable": "Its location",
                "translatedUnlikable": "Its cleanliness",
                "translatedHeadline": "Excellent",
                "name": "Hazem",
                "sourceLocale": "ar",
                "translationLocale": "en",
                "createdDate": "2023-02-19T07:33:39.757",
                "updatedDate": "2023-02-19T11:23:57.225",
                "travelType": "العائلة",
                "travelPurpose": "ترفيهية",
                "nationality": "المملكة العربية السعودية",
                "checkout": "2023-02-15",
                "checkoutPhrase": "a month ago"
            },
            "metric": {
                "helpfulVotes": 0,
                "notHelpfulVotes": 0,
                "rating": 10.0,
                "summary": {
                    "en": "Superb",
                    "ar": "رائع"
                }
            }
        },
        {
            "id": "63edc871b4f4bc224a32894c",
            "detail": {
                "likable": "مرفقات الغرفة ",
                "unlikable": "يحتاج تجديد ارضية الفرش",
                "headline": "الفندق ممتاز",
                "translatedLikable": "Room facilities",
                "translatedUnlikable": "The floor furniture need to be renovated",
                "translatedHeadline": "The hotel is excellent",
                "name": "Nasser",
                "sourceLocale": "ar",
                "translationLocale": "en",
                "createdDate": "2023-02-16T06:08:49.549",
                "updatedDate": "2023-02-16T13:55:25.488",
                "travelType": "العائلة",
                "travelPurpose": "ترفيهية",
                "nationality": "المملكة العربية السعودية",
                "checkout": "2023-02-12",
                "checkoutPhrase": "a month ago"
            },
            "metric": {
                "helpfulVotes": 0,
                "notHelpfulVotes": 0,
                "rating": 8.0,
                "summary": {
                    "en": "Very good",
                    "ar": "جيد جدا"
                }
            }
        },
        {
            "id": "63db53763039530e26001c70",
            "detail": {
                "likable": "حسن الاستقبال والمعامله ونظافة المكان ",
                "unlikable": "لا تعليق ",
                "headline": "جيده",
                "translatedLikable": "Good reception, treatment and cleanliness of the place ",
                "translatedUnlikable": "No comment ",
                "translatedHeadline": "Good",
                "name": "Ali",
                "sourceLocale": "ar",
                "translationLocale": "en",
                "createdDate": "2023-02-02T06:08:54.956",
                "updatedDate": "2023-02-02T08:17:58.267",
                "travelType": "منفرد",
                "travelPurpose": "عمل",
                "checkout": "2023-01-31",
                "checkoutPhrase": "a month ago"
            },
            "metric": {
                "helpfulVotes": 0,
                "notHelpfulVotes": 0,
                "rating": 10.0,
                "summary": {
                    "en": "Superb",
                    "ar": "رائع"
                }
            }
        },
        {
            "id": "63ce8771497a2d29c09d023f",
            "detail": {
                "likable": "Location",
                "unlikable": "Quality and services",
                "headline": "Never again ",
                "translatedLikable": "الموقع",
                "translatedUnlikable": "الجودة والخدمات",
                "translatedHeadline": "لن يحدث مرة أخرى أبدًا ",
                "name": "Abdulla",
                "sourceLocale": "en",
                "translationLocale": "ar",
                "createdDate": "2023-01-23T13:11:13.770",
                "updatedDate": "2023-01-23T13:41:24.764",
                "travelType": "Family",
                "travelPurpose": "Leisure",
                "checkout": "2023-01-21",
                "checkoutPhrase": "2 months ago"
            },
            "metric": {
                "helpfulVotes": 0,
                "notHelpfulVotes": 0,
                "rating": 2.0,
                "summary": {
                    "en": "Fair",
                    "ar": "مقبول"
                }
            }
        },
        {
            "id": "63ce554e0f4c1c3ecc05eb98",
            "detail": {
                "likable": "Room size only and location",
                "unlikable": "Housekeeping ,room service, hotel duty manager .",
                "headline": "Very bad housekeeping there is only one employee ",
                "translatedLikable": "حجم الغرفة والموقع فقط",
                "translatedUnlikable": "خدمة تنظيف الغرف، خدمة الغرف، مدير الفندق المناوب.",
                "translatedHeadline": "خدمة تنظيف الغرف سيئة للغاية، هناك موظف واحد فقط. ",
                "name": "Samer",
                "sourceLocale": "en",
                "translationLocale": "ar",
                "createdDate": "2023-01-23T09:37:18.392",
                "updatedDate": "2023-01-23T11:51:07.380",
                "travelType": "Family",
                "travelPurpose": "Leisure",
                "nationality": "Saudi Arabia",
                "checkout": "2023-01-23",
                "checkoutPhrase": "2 months ago"
            },
            "metric": {
                "helpfulVotes": 0,
                "notHelpfulVotes": 0,
                "rating": 2.0,
                "summary": {
                    "en": "Fair",
                    "ar": "مقبول"
                }
            }
        },
        {
            "id": "63c6aaf3f8342333ba23e125",
            "detail": {
                "likable": "Room space and rate. Staff",
                "unlikable": "1- The main entrance is steep for the car. \n2- We have to call for the room to get cleaned since the floor staff does not check the Roma for the tag to clean the room",
                "headline": "Good",
                "translatedLikable": "مساحة الغرفة والسعر. الموظفين",
                "translatedUnlikable": "1- المدخل الرئيسي شديد الانحدار للسيارة. \n2- يجب أن نطلب تنظيف الغرفة لأن موظفي الطابق لا يفحصون بحثًا عن العلامة لتنظيف الغرفة",
                "translatedHeadline": "جيد",
                "name": "Khalid",
                "sourceLocale": "en",
                "translationLocale": "ar",
                "createdDate": "2023-01-17T14:04:35.335",
                "updatedDate": "2023-01-17T14:51:20.047",
                "travelType": "Family",
                "travelPurpose": "Leisure",
                "nationality": "Saudi Arabia",
                "checkout": "2023-01-17",
                "checkoutPhrase": "2 months ago"
            },
            "metric": {
                "helpfulVotes": 0,
                "notHelpfulVotes": 0,
                "rating": 8.0,
                "summary": {
                    "en": "Very good",
                    "ar": "جيد جدا"
                }
            }
        },
        {
            "id": "63c2f3493039530e26001a96",
            "detail": {
                "likable": "الاثاث ",
                "unlikable": "الموقع ",
                "headline": "ممتازة",
                "translatedLikable": "furniture ",
                "translatedUnlikable": "location",
                "translatedHeadline": "excellent",
                "name": "Seraj",
                "sourceLocale": "ar",
                "translationLocale": "en",
                "createdDate": "2023-01-14T18:24:09.559",
                "updatedDate": "2023-01-15T14:44:59.237",
                "travelType": "منفرد",
                "travelPurpose": "عمل",
                "checkout": "2023-01-09",
                "checkoutPhrase": "2 months ago"
            },
            "metric": {
                "helpfulVotes": 0,
                "notHelpfulVotes": 0,
                "rating": 10.0,
                "summary": {
                    "en": "Superb",
                    "ar": "رائع"
                }
            }
        }
    ]
}
]]></system-out>
  </testcase>
  <testcase name="verification_productId" classname="com.almosafer.testcases.PostTest" time="0.786">
    <system-out><![CDATA[Request method:	POST
Request URI:	https://www.almosafer.com/api/review/retrieve
Proxy:			<none>
Request params:	<none>
Query params:	<none>
Form params:	<none>
Path params:	<none>
Headers:		x-api-key=apikey-hotel
				Accept=*/*
				Content-Type=application/json
Cookies:		<none>
Multiparts:		<none>
Body:
{
    "productId": "1492981",
    "sortBy": "Newest"
}
HTTP/1.1 200 OK
Date: Fri, 24 Mar 2023 15:17:29 GMT
Content-Type: application/json
Transfer-Encoding: chunked
Connection: keep-alive
X-Real-IP: 109.107.230.202
CF-Ray: 7acfe198cf5ecdff-AMM
Strict-Transport-Security: max-age=15552000; includeSubDomains; preload
CF-Cache-Status: DYNAMIC
Content-Security-Policy: upgrade-insecure-requests; base-uri 'self'; object-src 'self'; frame-ancestors https://almosafer.com https://*.almosafer.com https://z2.le.liveperson.net;
Referrer-Policy: no-referrer-when-downgrade
X-Content-Type-Options: nosniff
X-GeoIP-City: Irbid
X-GeoIP-Country: Jordan
X-GeoIP-Country-Code: JO
X-GeoIP-Region: Irbid
x-real-client-ip: 109.107.230.202
X-XSS-Protection: 1; mode=block
Set-Cookie: __cf_bm=9gWpggwPAviL_kVwqV0VOWBigfclgMkgcARElvXK0_w-1679671049-0-AcPQCW5AZnPx7NbXLXjvl9ttkhbJsnXqsdndryFhXzFjBoU+6gLfvPUyOpzVMtod8uAJWmOmbfJBIgmraLCJpvc=; path=/; expires=Fri, 24-Mar-23 15:47:29 GMT; domain=.almosafer.com; HttpOnly; Secure; SameSite=None
Vary: Accept-Encoding
Server: cloudflare
Content-Encoding: gzip
alt-svc: h3=":443"; ma=86400, h3-29=":443"; ma=86400

{
    "productId": "1492981",
    "paging": {
        "totalResults": 67,
        "totalPages": 7,
        "pageSize": 10,
        "currentPageNumber": 0,
        "nextPageUrl": "pageNo=1&pageSize=10&filters=&sortBy=Newest&imageOnly&totalResults=67&totalPages=7"
    },
    "aggregate": {
        "averageRating": 7.6,
        "summary": {
            "en": "Very good",
            "ar": "جيد جدا"
        },
        "reviewCount": 67,
        "subCategories": {
            "amenities": 7.5,
            "rooms": 7.7,
            "service": 7.3,
            "valueForMoney": 7.3,
            "location": 7.8,
            "cleanliness": 7.7
        }
    },
    "config": {
        "flagTypes": {
            "profane": {
                "en": "Profanity",
                "ar": "لغة نابية"
            },
            "wrong_product": {
                "en": "Wrong property or hotel",
                "ar": "ملكية أو فندق خاطئ"
            },
            "spam": {
                "en": "Spam",
                "ar": "بريد مؤذي"
            },
            "duplicate": {
                "en": "Duplicate",
                "ar": "مكرر"
            },
            "copyright": {
                "en": "Copyright",
                "ar": "حقوق التأليف"
            },
            "other": {
                "en": "Other",
                "ar": "أخرى"
            }
        }
    },
    "reviews": [
        {
            "id": "64196b37f6a46c2587c46c7f",
            "detail": {
                "likable": "موقع الفندق ، الهدوء ، الاستقبال\n",
                "unlikable": "المواقف ضيقة نوعاً ما ، الموكيت يحتاج الى تنظيف عميق",
                "headline": "جيدة بشكل عام ",
                "translatedLikable": "Hotel location, quiet, reception\n",
                "translatedUnlikable": "The parking spaces are a bit narrow, and the carpeting needs a deep cleaning",
                "translatedHeadline": "Overall good",
                "name": "Abdullah",
                "sourceLocale": "ar",
                "translationLocale": "en",
                "createdDate": "2023-03-21T08:30:47.035",
                "updatedDate": "2023-03-21T11:41:53.052",
                "travelType": "أزواج",
                "travelPurpose": "عمل",
                "checkout": "2023-03-21",
                "checkoutPhrase": "3 days ago"
            },
            "metric": {
                "helpfulVotes": 0,
                "notHelpfulVotes": 0,
                "rating": 8.0,
                "summary": {
                    "en": "Very good",
                    "ar": "جيد جدا"
                }
            }
        },
        {
            "id": "64103d84f8a992380430b1ec",
            "detail": {
                "likable": "The space of the room",
                "unlikable": "The parking area",
                "headline": "Good experience ",
                "translatedLikable": "مساحة الغرفة",
                "translatedUnlikable": "منطقة وقوف السيارات",
                "translatedHeadline": "تجربة جيدة",
                "name": "Roaa",
                "sourceLocale": "en",
                "translationLocale": "ar",
                "createdDate": "2023-03-14T09:25:24.577",
                "updatedDate": "2023-03-14T10:38:12.028",
                "travelType": "Friends",
                "travelPurpose": "Leisure",
                "nationality": "Saudi Arabia",
                "checkout": "2023-03-07",
                "checkoutPhrase": "2 weeks ago"
            },
            "metric": {
                "helpfulVotes": 0,
                "notHelpfulVotes": 0,
                "rating": 10.0,
                "summary": {
                    "en": "Superb",
                    "ar": "رائع"
                }
            }
        },
        {
            "id": "64100f64f6a46c2587c46b1d",
            "detail": {
                "likable": "موقعه",
                "unlikable": "وسادة النوم سيئة جدا جدا جدا كما ان الجاهزية عند الاستلام سيء",
                "headline": "جيدة",
                "translatedLikable": "Its location",
                "translatedUnlikable": "The sleeping pillow is very, very, very bad, and the readiness upon checking in is poor",
                "translatedHeadline": "good",
                "name": "Basem",
                "sourceLocale": "ar",
                "translationLocale": "en",
                "createdDate": "2023-03-14T06:08:36.239",
                "updatedDate": "2023-03-14T07:57:14.621",
                "travelType": "العائلة",
                "travelPurpose": "ترفيهية",
                "nationality": "المملكة العربية السعودية",
                "checkout": "2023-03-10",
                "checkoutPhrase": "2 weeks ago"
            },
            "metric": {
                "helpfulVotes": 0,
                "notHelpfulVotes": 0,
                "rating": 6.0,
                "summary": {
                    "en": "Average",
                    "ar": "متوسط"
                }
            }
        },
        {
            "id": "63f1d0d33039530e26001e70",
            "detail": {
                "likable": "موقعه",
                "unlikable": "نظافته",
                "headline": "ممتاز",
                "translatedLikable": "Its location",
                "translatedUnlikable": "Its cleanliness",
                "translatedHeadline": "Excellent",
                "name": "Hazem",
                "sourceLocale": "ar",
                "translationLocale": "en",
                "createdDate": "2023-02-19T07:33:39.757",
                "updatedDate": "2023-02-19T11:23:57.225",
                "travelType": "العائلة",
                "travelPurpose": "ترفيهية",
                "nationality": "المملكة العربية السعودية",
                "checkout": "2023-02-15",
                "checkoutPhrase": "a month ago"
            },
            "metric": {
                "helpfulVotes": 0,
                "notHelpfulVotes": 0,
                "rating": 10.0,
                "summary": {
                    "en": "Superb",
                    "ar": "رائع"
                }
            }
        },
        {
            "id": "63edc871b4f4bc224a32894c",
            "detail": {
                "likable": "مرفقات الغرفة ",
                "unlikable": "يحتاج تجديد ارضية الفرش",
                "headline": "الفندق ممتاز",
                "translatedLikable": "Room facilities",
                "translatedUnlikable": "The floor furniture need to be renovated",
                "translatedHeadline": "The hotel is excellent",
                "name": "Nasser",
                "sourceLocale": "ar",
                "translationLocale": "en",
                "createdDate": "2023-02-16T06:08:49.549",
                "updatedDate": "2023-02-16T13:55:25.488",
                "travelType": "العائلة",
                "travelPurpose": "ترفيهية",
                "nationality": "المملكة العربية السعودية",
                "checkout": "2023-02-12",
                "checkoutPhrase": "a month ago"
            },
            "metric": {
                "helpfulVotes": 0,
                "notHelpfulVotes": 0,
                "rating": 8.0,
                "summary": {
                    "en": "Very good",
                    "ar": "جيد جدا"
                }
            }
        },
        {
            "id": "63db53763039530e26001c70",
            "detail": {
                "likable": "حسن الاستقبال والمعامله ونظافة المكان ",
                "unlikable": "لا تعليق ",
                "headline": "جيده",
                "translatedLikable": "Good reception, treatment and cleanliness of the place ",
                "translatedUnlikable": "No comment ",
                "translatedHeadline": "Good",
                "name": "Ali",
                "sourceLocale": "ar",
                "translationLocale": "en",
                "createdDate": "2023-02-02T06:08:54.956",
                "updatedDate": "2023-02-02T08:17:58.267",
                "travelType": "منفرد",
                "travelPurpose": "عمل",
                "checkout": "2023-01-31",
                "checkoutPhrase": "a month ago"
            },
            "metric": {
                "helpfulVotes": 0,
                "notHelpfulVotes": 0,
                "rating": 10.0,
                "summary": {
                    "en": "Superb",
                    "ar": "رائع"
                }
            }
        },
        {
            "id": "63ce8771497a2d29c09d023f",
            "detail": {
                "likable": "Location",
                "unlikable": "Quality and services",
                "headline": "Never again ",
                "translatedLikable": "الموقع",
                "translatedUnlikable": "الجودة والخدمات",
                "translatedHeadline": "لن يحدث مرة أخرى أبدًا ",
                "name": "Abdulla",
                "sourceLocale": "en",
                "translationLocale": "ar",
                "createdDate": "2023-01-23T13:11:13.770",
                "updatedDate": "2023-01-23T13:41:24.764",
                "travelType": "Family",
                "travelPurpose": "Leisure",
                "checkout": "2023-01-21",
                "checkoutPhrase": "2 months ago"
            },
            "metric": {
                "helpfulVotes": 0,
                "notHelpfulVotes": 0,
                "rating": 2.0,
                "summary": {
                    "en": "Fair",
                    "ar": "مقبول"
                }
            }
        },
        {
            "id": "63ce554e0f4c1c3ecc05eb98",
            "detail": {
                "likable": "Room size only and location",
                "unlikable": "Housekeeping ,room service, hotel duty manager .",
                "headline": "Very bad housekeeping there is only one employee ",
                "translatedLikable": "حجم الغرفة والموقع فقط",
                "translatedUnlikable": "خدمة تنظيف الغرف، خدمة الغرف، مدير الفندق المناوب.",
                "translatedHeadline": "خدمة تنظيف الغرف سيئة للغاية، هناك موظف واحد فقط. ",
                "name": "Samer",
                "sourceLocale": "en",
                "translationLocale": "ar",
                "createdDate": "2023-01-23T09:37:18.392",
                "updatedDate": "2023-01-23T11:51:07.380",
                "travelType": "Family",
                "travelPurpose": "Leisure",
                "nationality": "Saudi Arabia",
                "checkout": "2023-01-23",
                "checkoutPhrase": "2 months ago"
            },
            "metric": {
                "helpfulVotes": 0,
                "notHelpfulVotes": 0,
                "rating": 2.0,
                "summary": {
                    "en": "Fair",
                    "ar": "مقبول"
                }
            }
        },
        {
            "id": "63c6aaf3f8342333ba23e125",
            "detail": {
                "likable": "Room space and rate. Staff",
                "unlikable": "1- The main entrance is steep for the car. \n2- We have to call for the room to get cleaned since the floor staff does not check the Roma for the tag to clean the room",
                "headline": "Good",
                "translatedLikable": "مساحة الغرفة والسعر. الموظفين",
                "translatedUnlikable": "1- المدخل الرئيسي شديد الانحدار للسيارة. \n2- يجب أن نطلب تنظيف الغرفة لأن موظفي الطابق لا يفحصون بحثًا عن العلامة لتنظيف الغرفة",
                "translatedHeadline": "جيد",
                "name": "Khalid",
                "sourceLocale": "en",
                "translationLocale": "ar",
                "createdDate": "2023-01-17T14:04:35.335",
                "updatedDate": "2023-01-17T14:51:20.047",
                "travelType": "Family",
                "travelPurpose": "Leisure",
                "nationality": "Saudi Arabia",
                "checkout": "2023-01-17",
                "checkoutPhrase": "2 months ago"
            },
            "metric": {
                "helpfulVotes": 0,
                "notHelpfulVotes": 0,
                "rating": 8.0,
                "summary": {
                    "en": "Very good",
                    "ar": "جيد جدا"
                }
            }
        },
        {
            "id": "63c2f3493039530e26001a96",
            "detail": {
                "likable": "الاثاث ",
                "unlikable": "الموقع ",
                "headline": "ممتازة",
                "translatedLikable": "furniture ",
                "translatedUnlikable": "location",
                "translatedHeadline": "excellent",
                "name": "Seraj",
                "sourceLocale": "ar",
                "translationLocale": "en",
                "createdDate": "2023-01-14T18:24:09.559",
                "updatedDate": "2023-01-15T14:44:59.237",
                "travelType": "منفرد",
                "travelPurpose": "عمل",
                "checkout": "2023-01-09",
                "checkoutPhrase": "2 months ago"
            },
            "metric": {
                "helpfulVotes": 0,
                "notHelpfulVotes": 0,
                "rating": 10.0,
                "summary": {
                    "en": "Superb",
                    "ar": "رائع"
                }
            }
        }
    ]
}
]]></system-out>
  </testcase>
</testsuite>